2025-05-07 18:37:09.687 [JavaFX Application Thread] INFO  c.f.FirePredictionApplication - Starting Fire Prediction Application
2025-05-07 18:37:09.699 [JavaFX Application Thread] INFO  c.f.FirePredictionApplication - Application name: Fire Prediction System
2025-05-07 18:37:09.701 [JavaFX Application Thread] INFO  c.f.FirePredictionApplication - Simulation mode: ENABLED
2025-05-07 18:37:09.702 [JavaFX Application Thread] INFO  c.f.FirePredictionApplication - Initializing database
2025-05-07 18:37:09.705 [JavaFX Application Thread] INFO  c.f.database.SupabaseDatabase - SupabaseDatabase initialized with URL: https://osrlvvrncgxutuphvyom.supabase.co
2025-05-07 18:37:09.706 [JavaFX Application Thread] INFO  c.f.database.SupabaseDatabase - Initializing Supabase database connection
2025-05-07 18:37:11.696 [JavaFX Application Thread] INFO  c.f.database.SupabaseDatabase - Successfully connected to Supabase
2025-05-07 18:37:11.698 [JavaFX Application Thread] INFO  c.f.FirePredictionApplication - Initializing sensor manager
2025-05-07 18:37:11.701 [JavaFX Application Thread] INFO  c.f.sensor.SensorManager - Initializing SensorManager
2025-05-07 18:37:11.701 [JavaFX Application Thread] INFO  c.f.sensor.SensorManager - Setting read interval to 60 seconds
2025-05-07 18:37:11.701 [JavaFX Application Thread] INFO  c.f.FirePredictionApplication - Adding simulated sensors
2025-05-07 18:37:11.702 [JavaFX Application Thread] INFO  c.f.sensor.SensorManager - Adding sensor: SIM1(Living Room)
2025-05-07 18:37:11.702 [JavaFX Application Thread] INFO  c.f.sensor.SensorManager - Adding sensor: SIM2(Kitchen)
2025-05-07 18:37:11.714 [JavaFX Application Thread] INFO  c.f.sensor.SensorManager - Adding sensor: DANGER-SIM(Server Room)
2025-05-07 18:37:11.714 [JavaFX Application Thread] INFO  c.f.sensor.SensorManager - Initializing 3 sensors
2025-05-07 18:37:11.714 [JavaFX Application Thread] DEBUG c.f.sensor.SensorManager - Initializing sensor: SIM1
2025-05-07 18:37:11.715 [JavaFX Application Thread] INFO  c.f.sensor.SimulatedSensor - Initializing simulated sensor: SIM1
2025-05-07 18:37:11.715 [JavaFX Application Thread] INFO  c.f.sensor.SimulatedSensor - Simulated sensor initialized with base temp: 22.627692017895406°C, humidity: 62.98827291525911%
2025-05-07 18:37:11.716 [JavaFX Application Thread] DEBUG c.f.sensor.SensorManager - Initializing sensor: SIM2
2025-05-07 18:37:11.717 [JavaFX Application Thread] INFO  c.f.sensor.SimulatedSensor - Initializing simulated sensor: SIM2
2025-05-07 18:37:11.717 [JavaFX Application Thread] INFO  c.f.sensor.SimulatedSensor - Simulated sensor initialized with base temp: 21.261222450260338°C, humidity: 65.43363902035922%
2025-05-07 18:37:11.717 [JavaFX Application Thread] DEBUG c.f.sensor.SensorManager - Initializing sensor: DANGER-SIM
2025-05-07 18:37:11.717 [JavaFX Application Thread] INFO  c.f.sensor.SimulatedSensor - Initializing simulated sensor: DANGER-SIM
2025-05-07 18:37:11.717 [JavaFX Application Thread] INFO  c.f.sensor.SimulatedSensor - Simulated sensor initialized with base temp: 21.712229527247306°C, humidity: 76.1325027317149%
2025-05-07 18:37:11.718 [JavaFX Application Thread] INFO  c.f.FirePredictionApplication - Initializing email notification service
2025-05-07 18:37:11.724 [JavaFX Application Thread] INFO  c.f.n.FireRiskNotificationHandler - Fire Risk Notification Handler initialized
2025-05-07 18:37:11.724 [JavaFX Application Thread] INFO  c.f.FirePredictionApplication - Email notification handler registered with sensor manager
2025-05-07 18:37:11.725 [JavaFX Application Thread] INFO  c.f.FirePredictionApplication - Initializing predictor
2025-05-07 18:37:11.727 [JavaFX Application Thread] INFO  c.fireprediction.ml.PredictorFactory - Creating predictor of type: smile
2025-05-07 18:37:11.730 [JavaFX Application Thread] INFO  c.fireprediction.ml.PredictorFactory - Initializing predictor
2025-05-07 18:37:11.730 [JavaFX Application Thread] INFO  c.f.ml.SmileFireRiskPredictor - Initializing SmileFireRiskPredictor
2025-05-07 18:37:12.788 [JavaFX Application Thread] INFO  c.f.sensor.SensorManager - Starting scheduled sensor readings every 60 seconds
2025-05-07 18:37:12.793 [pool-3-thread-1] DEBUG c.f.sensor.SensorManager - Reading data from all sensors
2025-05-07 18:37:12.793 [pool-3-thread-1] DEBUG c.f.sensor.SimulatedSensor - Simulated sensor reading: temp=22.612079051007207°C, humidity=63.474990236779576%
2025-05-07 18:37:12.796 [ForkJoinPool.commonPool-worker-1] INFO  c.f.database.SupabaseDatabase - Loading ML model: Random Forest
2025-05-07 18:37:12.798 [ForkJoinPool.commonPool-worker-1] WARN  c.f.FirePredictionApplication - Failed to load model, training new one: Error loading ML model: Illegal character in query at index 73: https://osrlvvrncgxutuphvyom.supabase.co/rest/v1/ml_models?name=eq.Random Forest&order=created_at.desc&limit=1
2025-05-07 18:37:12.798 [ForkJoinPool.commonPool-worker-1] INFO  c.f.FirePredictionApplication - Training model with historical data
2025-05-07 18:37:12.798 [ForkJoinPool.commonPool-worker-1] DEBUG c.f.database.SupabaseDatabase - Getting sensor readings from null to null
2025-05-07 18:37:12.799 [pool-3-thread-1] INFO  c.f.sensor.SensorManager - READING: Sensor=SIM1, Location=Living Room, Temp=22.6°C, Humidity=63.5%, Time=2025-05-07T18:37:12.794410100
2025-05-07 18:37:12.800 [pool-3-thread-1] DEBUG c.f.database.SupabaseDatabase - Saving sensor reading: SensorReading{sensorId='SIM1', temperature=22.612079051007207, humidity=63.474990236779576, location='Living Room', timestamp=2025-05-07T18:37:12.794410100, riskLevel=null, riskProbability=0.0}
2025-05-07 18:37:12.885 [JavaFX Application Thread] DEBUG c.f.database.SupabaseDatabase - Getting sensor readings from null to null
2025-05-07 18:37:13.539 [pool-3-thread-1] DEBUG c.f.database.SupabaseDatabase - Successfully saved sensor reading
2025-05-07 18:37:13.541 [pool-3-thread-1] DEBUG c.f.sensor.SimulatedSensor - Simulated sensor reading: temp=21.323352660366623°C, humidity=66.24007839919983%
2025-05-07 18:37:13.543 [pool-3-thread-1] INFO  c.f.sensor.SensorManager - READING: Sensor=SIM2, Location=Kitchen, Temp=21.3°C, Humidity=66.2%, Time=2025-05-07T18:37:13.542936100
2025-05-07 18:37:13.544 [pool-3-thread-1] DEBUG c.f.database.SupabaseDatabase - Saving sensor reading: SensorReading{sensorId='SIM2', temperature=21.323352660366623, humidity=66.24007839919983, location='Kitchen', timestamp=2025-05-07T18:37:13.542936100, riskLevel=null, riskProbability=0.0}
2025-05-07 18:37:13.652 [ForkJoinPool.commonPool-worker-1] INFO  c.f.FirePredictionApplication - Training with 762 readings
2025-05-07 18:37:13.652 [ForkJoinPool.commonPool-worker-1] INFO  c.f.ml.SmileFireRiskPredictor - Training SmileFireRiskPredictor with 762 readings
2025-05-07 18:37:13.675 [ForkJoinPool.commonPool-worker-1] INFO  c.f.ml.SmileFireRiskPredictor - Training RandomForest model
2025-05-07 18:37:13.691 [ForkJoinPool.commonPool-worker-1] ERROR c.f.FirePredictionApplication - Failed to train model: Failed to train model: null
com.fireprediction.ml.PredictorException: Failed to train model: null
	at com.fireprediction.ml.SmileFireRiskPredictor.trainModel(SmileFireRiskPredictor.java:121)
	at com.fireprediction.FirePredictionApplication.trainModel(FirePredictionApplication.java:677)
	at com.fireprediction.FirePredictionApplication.lambda$start$0(FirePredictionApplication.java:167)
	at java.base/java.util.concurrent.CompletableFuture$AsyncRun.run(CompletableFuture.java:1804)
	at java.base/java.util.concurrent.CompletableFuture$AsyncRun.exec(CompletableFuture.java:1796)
	at java.base/java.util.concurrent.ForkJoinTask.doExec(ForkJoinTask.java:387)
	at java.base/java.util.concurrent.ForkJoinPool$WorkQueue.topLevelExec(ForkJoinPool.java:1312)
	at java.base/java.util.concurrent.ForkJoinPool.scan(ForkJoinPool.java:1843)
	at java.base/java.util.concurrent.ForkJoinPool.runWorker(ForkJoinPool.java:1808)
	at java.base/java.util.concurrent.ForkJoinWorkerThread.run(ForkJoinWorkerThread.java:188)
Caused by: java.lang.UnsupportedOperationException: null
	at smile.data.vector.BaseVector.toIntArray(BaseVector.java:90)
	at smile.data.vector.BaseVector.toIntArray(BaseVector.java:82)
	at smile.classification.ClassLabels.fit(ClassLabels.java:106)
	at smile.classification.RandomForest.fit(RandomForest.java:300)
	at smile.classification.RandomForest.fit(RandomForest.java:197)
	at com.fireprediction.ml.SmileFireRiskPredictor.trainModel(SmileFireRiskPredictor.java:76)
	... 9 common frames omitted
2025-05-07 18:37:14.131 [pool-3-thread-1] DEBUG c.f.database.SupabaseDatabase - Successfully saved sensor reading
2025-05-07 18:37:14.134 [pool-3-thread-1] WARN  c.f.sensor.DangerousSimulatedSensor - Generating EXTREME risk temperature: 57.1°C
2025-05-07 18:37:14.134 [pool-3-thread-1] DEBUG c.f.sensor.DangerousSimulatedSensor - Dangerous simulated sensor reading: temp=57.1°C, humidity=28.8%
2025-05-07 18:37:14.135 [pool-3-thread-1] INFO  c.f.sensor.SensorManager - READING: Sensor=DANGER-SIM, Location=Server Room, Temp=57.1°C, Humidity=28.8%, Time=2025-05-07T18:37:14.135124300
2025-05-07 18:37:14.135 [pool-3-thread-1] WARN  c.f.n.FireRiskNotificationHandler - ALERT: Extreme fire risk fire risk detected from sensor DANGER-SIM! Temperature: 57.1°C, Humidity: 28.8%
2025-05-07 18:37:14.135 [pool-3-thread-1] INFO  c.f.notification.EmailService - Preparing to send fire risk notification email for risk level: Extreme fire risk
2025-05-07 18:37:15.937 [pool-3-thread-1] INFO  c.f.notification.EmailService - Successfully sent fire risk notification email to briancondon894@gmail.com
2025-05-07 18:37:15.938 [pool-3-thread-1] INFO  c.f.n.FireRiskNotificationHandler - Email notification sent for Extreme fire risk fire risk
2025-05-07 18:37:15.938 [pool-3-thread-1] DEBUG c.f.database.SupabaseDatabase - Saving sensor reading: SensorReading{sensorId='DANGER-SIM', temperature=57.08635121656112, humidity=28.78371341977303, location='Server Room', timestamp=2025-05-07T18:37:14.135124300, riskLevel=null, riskProbability=0.0}
2025-05-07 18:37:16.134 [pool-3-thread-1] DEBUG c.f.database.SupabaseDatabase - Successfully saved sensor reading
2025-05-07 18:37:17.793 [JavaFX Application Thread] DEBUG c.f.database.SupabaseDatabase - Getting sensor readings from null to null
2025-05-07 18:37:22.794 [JavaFX Application Thread] DEBUG c.f.database.SupabaseDatabase - Getting sensor readings from null to null
2025-05-07 18:37:27.793 [JavaFX Application Thread] DEBUG c.f.database.SupabaseDatabase - Getting sensor readings from null to null
2025-05-07 18:37:32.796 [JavaFX Application Thread] DEBUG c.f.database.SupabaseDatabase - Getting sensor readings from null to null
2025-05-07 18:37:37.794 [JavaFX Application Thread] DEBUG c.f.database.SupabaseDatabase - Getting sensor readings from null to null
2025-05-07 18:37:42.793 [JavaFX Application Thread] DEBUG c.f.database.SupabaseDatabase - Getting sensor readings from null to null
2025-05-07 18:37:47.792 [JavaFX Application Thread] DEBUG c.f.database.SupabaseDatabase - Getting sensor readings from null to null
2025-05-07 18:37:52.792 [JavaFX Application Thread] DEBUG c.f.database.SupabaseDatabase - Getting sensor readings from null to null
2025-05-07 18:37:57.794 [JavaFX Application Thread] DEBUG c.f.database.SupabaseDatabase - Getting sensor readings from null to null
2025-05-07 18:38:02.793 [JavaFX Application Thread] DEBUG c.f.database.SupabaseDatabase - Getting sensor readings from null to null
2025-05-07 18:38:07.793 [JavaFX Application Thread] DEBUG c.f.database.SupabaseDatabase - Getting sensor readings from null to null
2025-05-07 18:38:12.792 [pool-3-thread-1] DEBUG c.f.sensor.SensorManager - Reading data from all sensors
2025-05-07 18:38:12.792 [pool-3-thread-1] DEBUG c.f.sensor.SimulatedSensor - Simulated sensor reading: temp=22.559849227953286°C, humidity=63.85969781459387%
2025-05-07 18:38:12.793 [pool-3-thread-1] INFO  c.f.sensor.SensorManager - READING: Sensor=SIM1, Location=Living Room, Temp=22.6°C, Humidity=63.9%, Time=2025-05-07T18:38:12.793320100
2025-05-07 18:38:12.793 [pool-3-thread-1] DEBUG c.f.database.SupabaseDatabase - Saving sensor reading: SensorReading{sensorId='SIM1', temperature=22.559849227953286, humidity=63.85969781459387, location='Living Room', timestamp=2025-05-07T18:38:12.793320100, riskLevel=null, riskProbability=0.0}
2025-05-07 18:38:12.794 [JavaFX Application Thread] DEBUG c.f.database.SupabaseDatabase - Getting sensor readings from null to null
2025-05-07 18:38:13.218 [pool-3-thread-1] DEBUG c.f.database.SupabaseDatabase - Successfully saved sensor reading
2025-05-07 18:38:13.219 [pool-3-thread-1] DEBUG c.f.sensor.SimulatedSensor - Simulated sensor reading: temp=21.324007388643196°C, humidity=66.99810050351118%
2025-05-07 18:38:13.220 [pool-3-thread-1] INFO  c.f.sensor.SensorManager - READING: Sensor=SIM2, Location=Kitchen, Temp=21.3°C, Humidity=67.0%, Time=2025-05-07T18:38:13.220148100
2025-05-07 18:38:13.220 [pool-3-thread-1] DEBUG c.f.database.SupabaseDatabase - Saving sensor reading: SensorReading{sensorId='SIM2', temperature=21.324007388643196, humidity=66.99810050351118, location='Kitchen', timestamp=2025-05-07T18:38:13.220148100, riskLevel=null, riskProbability=0.0}
2025-05-07 18:38:13.832 [pool-3-thread-1] DEBUG c.f.database.SupabaseDatabase - Successfully saved sensor reading
2025-05-07 18:38:13.833 [pool-3-thread-1] WARN  c.f.sensor.DangerousSimulatedSensor - Generating EXTREME risk temperature: 57.3°C
2025-05-07 18:38:13.834 [pool-3-thread-1] DEBUG c.f.sensor.DangerousSimulatedSensor - Dangerous simulated sensor reading: temp=57.3°C, humidity=26.1%
2025-05-07 18:38:13.835 [pool-3-thread-1] INFO  c.f.sensor.SensorManager - READING: Sensor=DANGER-SIM, Location=Server Room, Temp=57.3°C, Humidity=26.1%, Time=2025-05-07T18:38:13.835346
2025-05-07 18:38:13.835 [pool-3-thread-1] INFO  c.f.n.FireRiskNotificationHandler - High risk detected but notification in cooldown period. Skipping email.
2025-05-07 18:38:13.835 [pool-3-thread-1] DEBUG c.f.database.SupabaseDatabase - Saving sensor reading: SensorReading{sensorId='DANGER-SIM', temperature=57.2733685471823, humidity=26.082683076178633, location='Server Room', timestamp=2025-05-07T18:38:13.835346, riskLevel=null, riskProbability=0.0}
2025-05-07 18:38:14.242 [pool-3-thread-1] DEBUG c.f.database.SupabaseDatabase - Successfully saved sensor reading
2025-05-07 18:38:17.793 [JavaFX Application Thread] DEBUG c.f.database.SupabaseDatabase - Getting sensor readings from null to null
2025-05-07 18:38:22.792 [JavaFX Application Thread] DEBUG c.f.database.SupabaseDatabase - Getting sensor readings from null to null
2025-05-07 18:38:27.792 [JavaFX Application Thread] DEBUG c.f.database.SupabaseDatabase - Getting sensor readings from null to null
2025-05-07 18:38:32.792 [JavaFX Application Thread] DEBUG c.f.database.SupabaseDatabase - Getting sensor readings from null to null
2025-05-07 18:38:37.793 [JavaFX Application Thread] DEBUG c.f.database.SupabaseDatabase - Getting sensor readings from null to null
2025-05-07 18:38:42.794 [JavaFX Application Thread] DEBUG c.f.database.SupabaseDatabase - Getting sensor readings from null to null
2025-05-07 18:38:47.794 [JavaFX Application Thread] DEBUG c.f.database.SupabaseDatabase - Getting sensor readings from null to null
2025-05-07 18:38:52.792 [JavaFX Application Thread] DEBUG c.f.database.SupabaseDatabase - Getting sensor readings from null to null
2025-05-07 18:38:57.794 [JavaFX Application Thread] DEBUG c.f.database.SupabaseDatabase - Getting sensor readings from null to null
2025-05-07 18:39:02.794 [JavaFX Application Thread] DEBUG c.f.database.SupabaseDatabase - Getting sensor readings from null to null
2025-05-07 18:39:06.062 [JavaFX Application Thread] INFO  c.f.FirePredictionApplication - Stopping Fire Prediction Application
2025-05-07 18:39:06.065 [JavaFX Application Thread] INFO  c.f.sensor.SensorManager - Closing SensorManager
2025-05-07 18:39:06.065 [JavaFX Application Thread] INFO  c.f.sensor.SensorManager - Stopping scheduled sensor readings
2025-05-07 18:39:06.065 [JavaFX Application Thread] INFO  c.f.sensor.SensorManager - Closing all sensors
2025-05-07 18:39:06.065 [JavaFX Application Thread] INFO  c.f.sensor.SimulatedSensor - Simulated sensor closed: SIM1
2025-05-07 18:39:06.066 [JavaFX Application Thread] INFO  c.f.sensor.SimulatedSensor - Simulated sensor closed: SIM2
2025-05-07 18:39:06.066 [JavaFX Application Thread] INFO  c.f.sensor.SimulatedSensor - Simulated sensor closed: DANGER-SIM
2025-05-07 18:39:06.066 [JavaFX Application Thread] INFO  c.f.database.SupabaseDatabase - Closing Supabase database connection
2025-05-07 18:39:06.068 [JavaFX Application Thread] INFO  c.f.FirePredictionApplication - Application stopped
2025-05-07 19:18:46.382 [JavaFX Application Thread] INFO  c.f.FirePredictionApplication - Starting Fire Prediction Application
2025-05-07 19:18:46.384 [JavaFX Application Thread] INFO  c.f.FirePredictionApplication - Application name: Fire Prediction System
2025-05-07 19:18:46.385 [JavaFX Application Thread] INFO  c.f.FirePredictionApplication - Simulation mode: ENABLED
2025-05-07 19:18:46.385 [JavaFX Application Thread] INFO  c.f.FirePredictionApplication - Initializing database
2025-05-07 19:18:46.388 [JavaFX Application Thread] INFO  c.f.database.SupabaseDatabase - SupabaseDatabase initialized with URL: https://osrlvvrncgxutuphvyom.supabase.co
2025-05-07 19:18:46.388 [JavaFX Application Thread] INFO  c.f.database.SupabaseDatabase - Initializing Supabase database connection
2025-05-07 19:18:47.637 [JavaFX Application Thread] INFO  c.f.database.SupabaseDatabase - Successfully connected to Supabase
2025-05-07 19:18:47.639 [JavaFX Application Thread] INFO  c.f.FirePredictionApplication - Initializing sensor manager
2025-05-07 19:18:47.640 [JavaFX Application Thread] INFO  c.f.sensor.SensorManager - Initializing SensorManager
2025-05-07 19:18:47.640 [JavaFX Application Thread] INFO  c.f.sensor.SensorManager - Setting read interval to 60 seconds
2025-05-07 19:18:47.640 [JavaFX Application Thread] INFO  c.f.FirePredictionApplication - Adding simulated sensors
2025-05-07 19:18:47.641 [JavaFX Application Thread] INFO  c.f.sensor.SensorManager - Adding sensor: SIM1(Living Room)
2025-05-07 19:18:47.641 [JavaFX Application Thread] INFO  c.f.sensor.SensorManager - Adding sensor: SIM2(Kitchen)
2025-05-07 19:18:47.641 [JavaFX Application Thread] INFO  c.f.sensor.SensorManager - Adding sensor: DANGER-SIM(Server Room)
2025-05-07 19:18:47.641 [JavaFX Application Thread] INFO  c.f.sensor.SensorManager - Initializing 3 sensors
2025-05-07 19:18:47.641 [JavaFX Application Thread] DEBUG c.f.sensor.SensorManager - Initializing sensor: SIM1
2025-05-07 19:18:47.641 [JavaFX Application Thread] INFO  c.f.sensor.SimulatedSensor - Initializing simulated sensor: SIM1
2025-05-07 19:18:47.641 [JavaFX Application Thread] INFO  c.f.sensor.SimulatedSensor - Simulated sensor initialized with base temp: 25.049411217465085°C, humidity: 57.598426779957876%
2025-05-07 19:18:47.641 [JavaFX Application Thread] DEBUG c.f.sensor.SensorManager - Initializing sensor: SIM2
2025-05-07 19:18:47.641 [JavaFX Application Thread] INFO  c.f.sensor.SimulatedSensor - Initializing simulated sensor: SIM2
2025-05-07 19:18:47.641 [JavaFX Application Thread] INFO  c.f.sensor.SimulatedSensor - Simulated sensor initialized with base temp: 28.292595997038973°C, humidity: 74.21712259043778%
2025-05-07 19:18:47.641 [JavaFX Application Thread] DEBUG c.f.sensor.SensorManager - Initializing sensor: DANGER-SIM
2025-05-07 19:18:47.641 [JavaFX Application Thread] INFO  c.f.sensor.SimulatedSensor - Initializing simulated sensor: DANGER-SIM
2025-05-07 19:18:47.641 [JavaFX Application Thread] INFO  c.f.sensor.SimulatedSensor - Simulated sensor initialized with base temp: 24.59733358352683°C, humidity: 66.89381587624285%
2025-05-07 19:18:47.641 [JavaFX Application Thread] INFO  c.f.FirePredictionApplication - Initializing email notification service
2025-05-07 19:18:47.645 [JavaFX Application Thread] INFO  c.f.n.FireRiskNotificationHandler - Fire Risk Notification Handler initialized
2025-05-07 19:18:47.645 [JavaFX Application Thread] INFO  c.f.FirePredictionApplication - Email notification handler registered with sensor manager
2025-05-07 19:18:47.646 [JavaFX Application Thread] INFO  c.f.FirePredictionApplication - Initializing predictor
2025-05-07 19:18:47.646 [JavaFX Application Thread] INFO  c.fireprediction.ml.PredictorFactory - Creating predictor of type: smile
2025-05-07 19:18:47.647 [JavaFX Application Thread] INFO  c.fireprediction.ml.PredictorFactory - Initializing predictor
2025-05-07 19:18:47.647 [JavaFX Application Thread] INFO  c.f.ml.SmileFireRiskPredictor - Initializing SmileFireRiskPredictor
2025-05-07 19:18:48.186 [JavaFX Application Thread] INFO  c.f.sensor.SensorManager - Starting scheduled sensor readings every 60 seconds
2025-05-07 19:18:48.192 [pool-2-thread-1] DEBUG c.f.sensor.SensorManager - Reading data from all sensors
2025-05-07 19:18:48.192 [pool-2-thread-1] DEBUG c.f.sensor.SimulatedSensor - Simulated sensor reading: temp=25.050318241016278°C, humidity=57.6052312906158%
2025-05-07 19:18:48.196 [ForkJoinPool.commonPool-worker-1] INFO  c.f.database.SupabaseDatabase - Loading ML model: Random Forest
2025-05-07 19:18:48.197 [ForkJoinPool.commonPool-worker-1] WARN  c.f.FirePredictionApplication - Failed to load model, training new one: Error loading ML model: Illegal character in query at index 73: https://osrlvvrncgxutuphvyom.supabase.co/rest/v1/ml_models?name=eq.Random Forest&order=created_at.desc&limit=1
2025-05-07 19:18:48.197 [pool-2-thread-1] INFO  c.f.sensor.SensorManager - READING: Sensor=SIM1, Location=Living Room, Temp=25.1°C, Humidity=57.6%, Time=2025-05-07T19:18:48.194606400
2025-05-07 19:18:48.197 [ForkJoinPool.commonPool-worker-1] INFO  c.f.FirePredictionApplication - Training model with historical data
2025-05-07 19:18:48.198 [ForkJoinPool.commonPool-worker-1] DEBUG c.f.database.SupabaseDatabase - Getting sensor readings from null to null
2025-05-07 19:18:48.198 [pool-2-thread-1] DEBUG c.f.database.SupabaseDatabase - Saving sensor reading: SensorReading{sensorId='SIM1', temperature=25.050318241016278, humidity=57.6052312906158, location='Living Room', timestamp=2025-05-07T19:18:48.194606400, riskLevel=null, riskProbability=0.0}
2025-05-07 19:18:48.256 [JavaFX Application Thread] DEBUG c.f.database.SupabaseDatabase - Getting sensor readings from null to null
2025-05-07 19:18:48.780 [pool-2-thread-1] DEBUG c.f.database.SupabaseDatabase - Successfully saved sensor reading
2025-05-07 19:18:48.784 [pool-2-thread-1] DEBUG c.f.sensor.SimulatedSensor - Simulated sensor reading: temp=28.337791265291592°C, humidity=73.60557132690721%
2025-05-07 19:18:48.785 [pool-2-thread-1] INFO  c.f.sensor.SensorManager - READING: Sensor=SIM2, Location=Kitchen, Temp=28.3°C, Humidity=73.6%, Time=2025-05-07T19:18:48.784521300
2025-05-07 19:18:48.785 [pool-2-thread-1] DEBUG c.f.database.SupabaseDatabase - Saving sensor reading: SensorReading{sensorId='SIM2', temperature=28.337791265291592, humidity=73.60557132690721, location='Kitchen', timestamp=2025-05-07T19:18:48.784521300, riskLevel=null, riskProbability=0.0}
2025-05-07 19:18:49.087 [ForkJoinPool.commonPool-worker-1] INFO  c.f.FirePredictionApplication - Training with 769 readings
2025-05-07 19:18:49.087 [ForkJoinPool.commonPool-worker-1] INFO  c.f.ml.SmileFireRiskPredictor - Training SmileFireRiskPredictor with 769 readings
2025-05-07 19:18:49.110 [ForkJoinPool.commonPool-worker-1] INFO  c.f.ml.SmileFireRiskPredictor - Training RandomForest model
2025-05-07 19:18:49.126 [ForkJoinPool.commonPool-worker-1] ERROR c.f.FirePredictionApplication - Failed to train model: Failed to train model: null
com.fireprediction.ml.PredictorException: Failed to train model: null
	at com.fireprediction.ml.SmileFireRiskPredictor.trainModel(SmileFireRiskPredictor.java:121)
	at com.fireprediction.FirePredictionApplication.trainModel(FirePredictionApplication.java:677)
	at com.fireprediction.FirePredictionApplication.lambda$start$0(FirePredictionApplication.java:167)
	at java.base/java.util.concurrent.CompletableFuture$AsyncRun.run(CompletableFuture.java:1804)
	at java.base/java.util.concurrent.CompletableFuture$AsyncRun.exec(CompletableFuture.java:1796)
	at java.base/java.util.concurrent.ForkJoinTask.doExec(ForkJoinTask.java:387)
	at java.base/java.util.concurrent.ForkJoinPool$WorkQueue.topLevelExec(ForkJoinPool.java:1312)
	at java.base/java.util.concurrent.ForkJoinPool.scan(ForkJoinPool.java:1843)
	at java.base/java.util.concurrent.ForkJoinPool.runWorker(ForkJoinPool.java:1808)
	at java.base/java.util.concurrent.ForkJoinWorkerThread.run(ForkJoinWorkerThread.java:188)
Caused by: java.lang.UnsupportedOperationException: null
	at smile.data.vector.BaseVector.toIntArray(BaseVector.java:90)
	at smile.data.vector.BaseVector.toIntArray(BaseVector.java:82)
	at smile.classification.ClassLabels.fit(ClassLabels.java:106)
	at smile.classification.RandomForest.fit(RandomForest.java:300)
	at smile.classification.RandomForest.fit(RandomForest.java:197)
	at com.fireprediction.ml.SmileFireRiskPredictor.trainModel(SmileFireRiskPredictor.java:76)
	... 9 common frames omitted
2025-05-07 19:18:49.235 [pool-2-thread-1] DEBUG c.f.database.SupabaseDatabase - Successfully saved sensor reading
2025-05-07 19:18:49.236 [pool-2-thread-1] WARN  c.f.sensor.DangerousSimulatedSensor - Generating EXTREME risk temperature: 57.9°C
2025-05-07 19:18:49.236 [pool-2-thread-1] DEBUG c.f.sensor.DangerousSimulatedSensor - Dangerous simulated sensor reading: temp=57.9°C, humidity=15.5%
2025-05-07 19:18:49.236 [pool-2-thread-1] INFO  c.f.sensor.SensorManager - READING: Sensor=DANGER-SIM, Location=Server Room, Temp=57.9°C, Humidity=15.5%, Time=2025-05-07T19:18:49.236635700
2025-05-07 19:18:49.236 [pool-2-thread-1] WARN  c.f.n.FireRiskNotificationHandler - ALERT: Extreme fire risk fire risk detected from sensor DANGER-SIM! Temperature: 57.9°C, Humidity: 15.5%
2025-05-07 19:18:49.236 [pool-2-thread-1] INFO  c.f.notification.EmailService - Preparing to send fire risk notification email for risk level: Extreme fire risk
2025-05-07 19:18:50.872 [pool-2-thread-1] INFO  c.f.notification.EmailService - Successfully sent fire risk notification email to briancondon894@gmail.com
2025-05-07 19:18:50.873 [pool-2-thread-1] INFO  c.f.n.FireRiskNotificationHandler - Email notification sent for Extreme fire risk fire risk
2025-05-07 19:18:50.873 [pool-2-thread-1] DEBUG c.f.database.SupabaseDatabase - Saving sensor reading: SensorReading{sensorId='DANGER-SIM', temperature=57.9134566671645, humidity=15.477392152264251, location='Server Room', timestamp=2025-05-07T19:18:49.236635700, riskLevel=null, riskProbability=0.0}
2025-05-07 19:18:51.279 [pool-2-thread-1] DEBUG c.f.database.SupabaseDatabase - Successfully saved sensor reading
2025-05-07 19:18:53.194 [JavaFX Application Thread] DEBUG c.f.database.SupabaseDatabase - Getting sensor readings from null to null
2025-05-07 19:18:58.194 [JavaFX Application Thread] DEBUG c.f.database.SupabaseDatabase - Getting sensor readings from null to null
2025-05-07 19:19:02.543 [JavaFX Application Thread] INFO  c.f.FirePredictionApplication - Stopping Fire Prediction Application
2025-05-07 19:19:02.544 [JavaFX Application Thread] INFO  c.f.sensor.SensorManager - Closing SensorManager
2025-05-07 19:19:02.544 [JavaFX Application Thread] INFO  c.f.sensor.SensorManager - Stopping scheduled sensor readings
2025-05-07 19:19:02.545 [JavaFX Application Thread] INFO  c.f.sensor.SensorManager - Closing all sensors
2025-05-07 19:19:02.545 [JavaFX Application Thread] INFO  c.f.sensor.SimulatedSensor - Simulated sensor closed: SIM1
2025-05-07 19:19:02.545 [JavaFX Application Thread] INFO  c.f.sensor.SimulatedSensor - Simulated sensor closed: SIM2
2025-05-07 19:19:02.545 [JavaFX Application Thread] INFO  c.f.sensor.SimulatedSensor - Simulated sensor closed: DANGER-SIM
2025-05-07 19:19:02.545 [JavaFX Application Thread] INFO  c.f.database.SupabaseDatabase - Closing Supabase database connection
2025-05-07 19:19:02.546 [JavaFX Application Thread] INFO  c.f.FirePredictionApplication - Application stopped
2025-05-07 19:57:24.905 [JavaFX Application Thread] INFO  c.f.FirePredictionApplication - Starting Fire Prediction Application
2025-05-07 19:57:24.907 [JavaFX Application Thread] INFO  c.f.FirePredictionApplication - Application name: Fire Prediction System
2025-05-07 19:57:24.908 [JavaFX Application Thread] INFO  c.f.FirePredictionApplication - Simulation mode: ENABLED
2025-05-07 19:57:24.908 [JavaFX Application Thread] INFO  c.f.FirePredictionApplication - Initializing database
2025-05-07 19:57:24.910 [JavaFX Application Thread] INFO  c.f.database.SupabaseDatabase - SupabaseDatabase initialized with URL: https://osrlvvrncgxutuphvyom.supabase.co
2025-05-07 19:57:24.911 [JavaFX Application Thread] INFO  c.f.database.SupabaseDatabase - Initializing Supabase database connection
2025-05-07 19:57:25.972 [JavaFX Application Thread] INFO  c.f.database.SupabaseDatabase - Successfully connected to Supabase
2025-05-07 19:57:25.974 [JavaFX Application Thread] INFO  c.f.FirePredictionApplication - Initializing sensor manager
2025-05-07 19:57:25.975 [JavaFX Application Thread] INFO  c.f.sensor.SensorManager - Initializing SensorManager
2025-05-07 19:57:25.975 [JavaFX Application Thread] INFO  c.f.sensor.SensorManager - Setting read interval to 60 seconds
2025-05-07 19:57:25.975 [JavaFX Application Thread] INFO  c.f.FirePredictionApplication - Adding simulated sensors
2025-05-07 19:57:25.976 [JavaFX Application Thread] INFO  c.f.sensor.SensorManager - Adding sensor: SIM1(Living Room)
2025-05-07 19:57:25.976 [JavaFX Application Thread] INFO  c.f.sensor.SensorManager - Adding sensor: SIM2(Kitchen)
2025-05-07 19:57:25.977 [JavaFX Application Thread] INFO  c.f.sensor.SensorManager - Adding sensor: DANGER-SIM(Server Room)
2025-05-07 19:57:25.977 [JavaFX Application Thread] INFO  c.f.sensor.SensorManager - Initializing 3 sensors
2025-05-07 19:57:25.977 [JavaFX Application Thread] DEBUG c.f.sensor.SensorManager - Initializing sensor: SIM1
2025-05-07 19:57:25.977 [JavaFX Application Thread] INFO  c.f.sensor.SimulatedSensor - Initializing simulated sensor: SIM1
2025-05-07 19:57:25.977 [JavaFX Application Thread] INFO  c.f.sensor.SimulatedSensor - Simulated sensor initialized with base temp: 21.47188269691037°C, humidity: 63.85912614418661%
2025-05-07 19:57:25.977 [JavaFX Application Thread] DEBUG c.f.sensor.SensorManager - Initializing sensor: SIM2
2025-05-07 19:57:25.977 [JavaFX Application Thread] INFO  c.f.sensor.SimulatedSensor - Initializing simulated sensor: SIM2
2025-05-07 19:57:25.977 [JavaFX Application Thread] INFO  c.f.sensor.SimulatedSensor - Simulated sensor initialized with base temp: 25.653437868630057°C, humidity: 71.63551048987733%
2025-05-07 19:57:25.977 [JavaFX Application Thread] DEBUG c.f.sensor.SensorManager - Initializing sensor: DANGER-SIM
2025-05-07 19:57:25.977 [JavaFX Application Thread] INFO  c.f.sensor.SimulatedSensor - Initializing simulated sensor: DANGER-SIM
2025-05-07 19:57:25.977 [JavaFX Application Thread] INFO  c.f.sensor.SimulatedSensor - Simulated sensor initialized with base temp: 23.05310329593854°C, humidity: 73.41076834129424%
2025-05-07 19:57:25.977 [JavaFX Application Thread] INFO  c.f.FirePredictionApplication - Initializing email notification service
2025-05-07 19:57:25.980 [JavaFX Application Thread] INFO  c.f.n.FireRiskNotificationHandler - Fire Risk Notification Handler initialized
2025-05-07 19:57:25.980 [JavaFX Application Thread] INFO  c.f.FirePredictionApplication - Email notification handler registered with sensor manager
2025-05-07 19:57:25.981 [JavaFX Application Thread] INFO  c.f.FirePredictionApplication - Initializing predictor
2025-05-07 19:57:25.982 [JavaFX Application Thread] INFO  c.fireprediction.ml.PredictorFactory - Creating predictor of type: smile
2025-05-07 19:57:25.984 [JavaFX Application Thread] INFO  c.fireprediction.ml.PredictorFactory - Initializing predictor
2025-05-07 19:57:25.984 [JavaFX Application Thread] INFO  c.f.ml.SmileFireRiskPredictor - Initializing SmileFireRiskPredictor
2025-05-07 19:57:26.477 [JavaFX Application Thread] INFO  c.f.sensor.SensorManager - Starting scheduled sensor readings every 60 seconds
2025-05-07 19:57:26.483 [pool-2-thread-1] DEBUG c.f.sensor.SensorManager - Reading data from all sensors
2025-05-07 19:57:26.483 [pool-2-thread-1] DEBUG c.f.sensor.SimulatedSensor - Simulated sensor reading: temp=21.411118486595974°C, humidity=64.57533639652601%
2025-05-07 19:57:26.487 [ForkJoinPool.commonPool-worker-1] INFO  c.f.database.SupabaseDatabase - Loading ML model: Random Forest
2025-05-07 19:57:26.487 [pool-2-thread-1] INFO  c.f.sensor.SensorManager - READING: Sensor=SIM1, Location=Living Room, Temp=21.4°C, Humidity=64.6%, Time=2025-05-07T19:57:26.485610400
2025-05-07 19:57:26.488 [ForkJoinPool.commonPool-worker-1] WARN  c.f.FirePredictionApplication - Failed to load model, training new one: Error loading ML model: Illegal character in query at index 73: https://osrlvvrncgxutuphvyom.supabase.co/rest/v1/ml_models?name=eq.Random Forest&order=created_at.desc&limit=1
2025-05-07 19:57:26.488 [ForkJoinPool.commonPool-worker-1] INFO  c.f.FirePredictionApplication - Training model with historical data
2025-05-07 19:57:26.488 [ForkJoinPool.commonPool-worker-1] DEBUG c.f.database.SupabaseDatabase - Getting sensor readings from null to null
2025-05-07 19:57:26.487 [pool-2-thread-1] DEBUG c.f.database.SupabaseDatabase - Saving sensor reading: SensorReading{sensorId='SIM1', temperature=21.411118486595974, humidity=64.57533639652601, location='Living Room', timestamp=2025-05-07T19:57:26.485610400, riskLevel=null, riskProbability=0.0}
2025-05-07 19:57:26.552 [JavaFX Application Thread] DEBUG c.f.database.SupabaseDatabase - Getting sensor readings from null to null
2025-05-07 19:57:27.100 [pool-2-thread-1] DEBUG c.f.database.SupabaseDatabase - Successfully saved sensor reading
2025-05-07 19:57:27.101 [pool-2-thread-1] DEBUG c.f.sensor.SimulatedSensor - Simulated sensor reading: temp=25.76806798327804°C, humidity=71.51368661524077%
2025-05-07 19:57:27.101 [pool-2-thread-1] INFO  c.f.sensor.SensorManager - READING: Sensor=SIM2, Location=Kitchen, Temp=25.8°C, Humidity=71.5%, Time=2025-05-07T19:57:27.101934200
2025-05-07 19:57:27.101 [pool-2-thread-1] DEBUG c.f.database.SupabaseDatabase - Saving sensor reading: SensorReading{sensorId='SIM2', temperature=25.76806798327804, humidity=71.51368661524077, location='Kitchen', timestamp=2025-05-07T19:57:27.101934200, riskLevel=null, riskProbability=0.0}
2025-05-07 19:57:27.299 [ForkJoinPool.commonPool-worker-1] INFO  c.f.FirePredictionApplication - Training with 771 readings
2025-05-07 19:57:27.299 [ForkJoinPool.commonPool-worker-1] INFO  c.f.ml.SmileFireRiskPredictor - Training SmileFireRiskPredictor with 771 readings
2025-05-07 19:57:27.337 [ForkJoinPool.commonPool-worker-1] INFO  c.f.ml.SmileFireRiskPredictor - Training RandomForest model
2025-05-07 19:57:27.345 [ForkJoinPool.commonPool-worker-1] ERROR c.f.FirePredictionApplication - Failed to train model: Failed to train model: null
com.fireprediction.ml.PredictorException: Failed to train model: null
	at com.fireprediction.ml.SmileFireRiskPredictor.trainModel(SmileFireRiskPredictor.java:121)
	at com.fireprediction.FirePredictionApplication.trainModel(FirePredictionApplication.java:677)
	at com.fireprediction.FirePredictionApplication.lambda$start$0(FirePredictionApplication.java:167)
	at java.base/java.util.concurrent.CompletableFuture$AsyncRun.run(CompletableFuture.java:1804)
	at java.base/java.util.concurrent.CompletableFuture$AsyncRun.exec(CompletableFuture.java:1796)
	at java.base/java.util.concurrent.ForkJoinTask.doExec(ForkJoinTask.java:387)
	at java.base/java.util.concurrent.ForkJoinPool$WorkQueue.topLevelExec(ForkJoinPool.java:1312)
	at java.base/java.util.concurrent.ForkJoinPool.scan(ForkJoinPool.java:1843)
	at java.base/java.util.concurrent.ForkJoinPool.runWorker(ForkJoinPool.java:1808)
	at java.base/java.util.concurrent.ForkJoinWorkerThread.run(ForkJoinWorkerThread.java:188)
Caused by: java.lang.UnsupportedOperationException: null
	at smile.data.vector.BaseVector.toIntArray(BaseVector.java:90)
	at smile.data.vector.BaseVector.toIntArray(BaseVector.java:82)
	at smile.classification.ClassLabels.fit(ClassLabels.java:106)
	at smile.classification.RandomForest.fit(RandomForest.java:300)
	at smile.classification.RandomForest.fit(RandomForest.java:197)
	at com.fireprediction.ml.SmileFireRiskPredictor.trainModel(SmileFireRiskPredictor.java:76)
	... 9 common frames omitted
2025-05-07 19:57:27.716 [pool-2-thread-1] DEBUG c.f.database.SupabaseDatabase - Successfully saved sensor reading
2025-05-07 19:57:27.717 [pool-2-thread-1] WARN  c.f.sensor.DangerousSimulatedSensor - Generating EXTREME risk temperature: 52.5°C
2025-05-07 19:57:27.717 [pool-2-thread-1] DEBUG c.f.sensor.DangerousSimulatedSensor - Dangerous simulated sensor reading: temp=52.5°C, humidity=24.1%
2025-05-07 19:57:27.717 [pool-2-thread-1] INFO  c.f.sensor.SensorManager - READING: Sensor=DANGER-SIM, Location=Server Room, Temp=52.5°C, Humidity=24.1%, Time=2025-05-07T19:57:27.717598500
2025-05-07 19:57:27.718 [pool-2-thread-1] WARN  c.f.n.FireRiskNotificationHandler - ALERT: Extreme fire risk fire risk detected from sensor DANGER-SIM! Temperature: 52.5°C, Humidity: 24.1%
2025-05-07 19:57:27.718 [pool-2-thread-1] INFO  c.f.notification.EmailService - Preparing to send fire risk notification email for risk level: Extreme fire risk
2025-05-07 19:57:29.560 [pool-2-thread-1] INFO  c.f.notification.EmailService - Successfully sent fire risk notification email to briancondon894@gmail.com
2025-05-07 19:57:29.561 [pool-2-thread-1] INFO  c.f.n.FireRiskNotificationHandler - Email notification sent for Extreme fire risk fire risk
2025-05-07 19:57:29.561 [pool-2-thread-1] DEBUG c.f.database.SupabaseDatabase - Saving sensor reading: SensorReading{sensorId='DANGER-SIM', temperature=52.46505443221145, humidity=24.064724979646403, location='Server Room', timestamp=2025-05-07T19:57:27.717598500, riskLevel=null, riskProbability=0.0}
2025-05-07 19:57:29.745 [pool-2-thread-1] DEBUG c.f.database.SupabaseDatabase - Successfully saved sensor reading
2025-05-07 19:57:31.484 [JavaFX Application Thread] DEBUG c.f.database.SupabaseDatabase - Getting sensor readings from null to null
2025-05-07 19:57:36.484 [JavaFX Application Thread] DEBUG c.f.database.SupabaseDatabase - Getting sensor readings from null to null
2025-05-07 19:57:41.485 [JavaFX Application Thread] DEBUG c.f.database.SupabaseDatabase - Getting sensor readings from null to null
2025-05-07 19:57:46.484 [JavaFX Application Thread] DEBUG c.f.database.SupabaseDatabase - Getting sensor readings from null to null
2025-05-07 19:57:51.485 [JavaFX Application Thread] DEBUG c.f.database.SupabaseDatabase - Getting sensor readings from null to null
2025-05-07 19:57:53.261 [JavaFX Application Thread] INFO  c.f.FirePredictionApplication - Stopping Fire Prediction Application
2025-05-07 19:57:53.262 [JavaFX Application Thread] INFO  c.f.sensor.SensorManager - Closing SensorManager
2025-05-07 19:57:53.262 [JavaFX Application Thread] INFO  c.f.sensor.SensorManager - Stopping scheduled sensor readings
2025-05-07 19:57:53.262 [JavaFX Application Thread] INFO  c.f.sensor.SensorManager - Closing all sensors
2025-05-07 19:57:53.262 [JavaFX Application Thread] INFO  c.f.sensor.SimulatedSensor - Simulated sensor closed: SIM1
2025-05-07 19:57:53.262 [JavaFX Application Thread] INFO  c.f.sensor.SimulatedSensor - Simulated sensor closed: SIM2
2025-05-07 19:57:53.262 [JavaFX Application Thread] INFO  c.f.sensor.SimulatedSensor - Simulated sensor closed: DANGER-SIM
2025-05-07 19:57:53.262 [JavaFX Application Thread] INFO  c.f.database.SupabaseDatabase - Closing Supabase database connection
2025-05-07 19:57:53.264 [JavaFX Application Thread] INFO  c.f.FirePredictionApplication - Application stopped
